{
  "RSpec": {
    "coverage": {
      "/Users/christopherneal/Desktop/projects/ode_to_a_mixtape_api/spec/app/helpers/day_of_week_spec.rb": {
        "lines": [
          null,
          null,
          1,
          null,
          1,
          8,
          null,
          1,
          1,
          1,
          null,
          null,
          1,
          1,
          null,
          null,
          null,
          1,
          1,
          1,
          null,
          null,
          1,
          1,
          null,
          null,
          1,
          1,
          null,
          null,
          1,
          1,
          null,
          null,
          1,
          1,
          null,
          null,
          null
        ]
      },
      "/Users/christopherneal/Desktop/projects/ode_to_a_mixtape_api/spec/rails_helper.rb": {
        "lines": [
          null,
          null,
          null,
          1,
          1,
          1,
          null,
          1,
          1,
          null,
          1,
          null,
          1,
          1,
          1,
          1,
          null,
          null,
          null,
          null,
          null,
          null,
          null,
          null,
          null,
          null,
          null,
          null,
          null,
          null,
          null,
          null,
          null,
          null,
          null,
          null,
          null,
          1,
          null,
          0,
          null,
          1,
          null,
          1,
          null,
          null,
          1,
          null,
          null,
          null,
          1,
          null,
          null,
          null,
          null,
          null,
          null,
          null,
          null,
          null,
          null,
          null,
          null,
          null,
          null,
          null,
          null,
          null,
          1,
          null,
          null,
          1,
          null,
          null,
          null
        ]
      },
      "/Users/christopherneal/Desktop/projects/ode_to_a_mixtape_api/config/environment.rb": {
        "lines": [
          null,
          null,
          null,
          1,
          null,
          null,
          1
        ]
      },
      "/Users/christopherneal/Desktop/projects/ode_to_a_mixtape_api/config/application.rb": {
        "lines": [
          null,
          null,
          1,
          null,
          1,
          null,
          null,
          null,
          1,
          null,
          1,
          1,
          null,
          1,
          null,
          null,
          null,
          null,
          null,
          1,
          1,
          null,
          null,
          null,
          null,
          null,
          null,
          null,
          null,
          null,
          null,
          null,
          null,
          1,
          null,
          null
        ]
      },
      "/Users/christopherneal/Desktop/projects/ode_to_a_mixtape_api/config/boot.rb": {
        "lines": [
          null,
          null,
          1,
          null,
          1,
          1
        ]
      },
      "/Users/christopherneal/Desktop/projects/ode_to_a_mixtape_api/config/environments/test.rb": {
        "lines": [
          null,
          null,
          1,
          null,
          null,
          null,
          null,
          null,
          null,
          1,
          null,
          null,
          null,
          1,
          null,
          null,
          null,
          null,
          null,
          1,
          null,
          null,
          1,
          1,
          null,
          null,
          null,
          null,
          1,
          1,
          1,
          null,
          null,
          1,
          null,
          null,
          1,
          null,
          null,
          1,
          null,
          1,
          null,
          null,
          null,
          null,
          1,
          null,
          null,
          1,
          null,
          null,
          1,
          null,
          null,
          1,
          null,
          null,
          null,
          null,
          null,
          null,
          null,
          null,
          1,
          null
        ]
      },
      "/Users/christopherneal/Desktop/projects/ode_to_a_mixtape_api/config/initializers/cors.rb": {
        "lines": [
          null,
          null,
          null,
          null,
          null,
          null,
          null,
          null,
          null,
          null,
          null,
          null,
          null,
          null,
          null,
          null,
          null,
          null
        ]
      },
      "/Users/christopherneal/Desktop/projects/ode_to_a_mixtape_api/config/initializers/filter_parameter_logging.rb": {
        "lines": [
          null,
          null,
          null,
          null,
          null,
          null,
          null,
          1,
          null,
          null
        ]
      },
      "/Users/christopherneal/Desktop/projects/ode_to_a_mixtape_api/config/initializers/inflections.rb": {
        "lines": [
          null,
          null,
          null,
          null,
          null,
          null,
          null,
          null,
          null,
          null,
          null,
          null,
          null,
          null,
          null,
          null,
          null,
          null
        ]
      },
      "/Users/christopherneal/Desktop/projects/ode_to_a_mixtape_api/spec/factories/albums.rb": {
        "lines": [
          null,
          null,
          1,
          1,
          75,
          75,
          1,
          75,
          75,
          null,
          null
        ]
      },
      "/Users/christopherneal/Desktop/projects/ode_to_a_mixtape_api/spec/factories/albums_songs.rb": {
        "lines": [
          null,
          null,
          1,
          1,
          1,
          1,
          null,
          null
        ]
      },
      "/Users/christopherneal/Desktop/projects/ode_to_a_mixtape_api/spec/factories/artists.rb": {
        "lines": [
          null,
          null,
          1,
          1,
          38,
          1,
          104,
          null,
          null,
          null,
          null,
          null,
          null,
          null,
          null,
          null,
          104,
          null,
          null,
          null
        ]
      },
      "/Users/christopherneal/Desktop/projects/ode_to_a_mixtape_api/spec/factories/broadcasts.rb": {
        "lines": [
          null,
          null,
          1,
          1,
          1,
          38,
          39,
          38,
          null,
          null
        ]
      },
      "/Users/christopherneal/Desktop/projects/ode_to_a_mixtape_api/spec/factories/djs.rb": {
        "lines": [
          null,
          null,
          1,
          1,
          1,
          1,
          1,
          1,
          0,
          null,
          null,
          null,
          null,
          null,
          null,
          1,
          1,
          1,
          1,
          null,
          null
        ]
      },
      "/Users/christopherneal/Desktop/projects/ode_to_a_mixtape_api/spec/factories/genres.rb": {
        "lines": [
          null,
          null,
          1,
          1,
          1,
          null,
          null
        ]
      },
      "/Users/christopherneal/Desktop/projects/ode_to_a_mixtape_api/spec/factories/playlist_imports.rb": {
        "lines": [
          null,
          null,
          1,
          1,
          37,
          null,
          null,
          null,
          null,
          null,
          null,
          null,
          null,
          null,
          null,
          null,
          null,
          null,
          null,
          null,
          null,
          null,
          null,
          null,
          null,
          null,
          null,
          null,
          null,
          null,
          null,
          null,
          null,
          null,
          null,
          null,
          null,
          null,
          null,
          null
        ]
      },
      "/Users/christopherneal/Desktop/projects/ode_to_a_mixtape_api/spec/factories/playlists.rb": {
        "lines": [
          null,
          null,
          1,
          1,
          36,
          36,
          36,
          1,
          1,
          37,
          37,
          null,
          37,
          null,
          null
        ]
      },
      "/Users/christopherneal/Desktop/projects/ode_to_a_mixtape_api/spec/factories/playlists_songs.rb": {
        "lines": [
          null,
          null,
          1,
          1,
          1,
          1,
          1,
          null,
          null
        ]
      },
      "/Users/christopherneal/Desktop/projects/ode_to_a_mixtape_api/spec/factories/record_labels.rb": {
        "lines": [
          null,
          null,
          1,
          1,
          1,
          null,
          null
        ]
      },
      "/Users/christopherneal/Desktop/projects/ode_to_a_mixtape_api/spec/factories/songs.rb": {
        "lines": [
          null,
          null,
          1,
          1,
          73,
          73,
          3,
          73,
          null,
          null
        ]
      },
      "/Users/christopherneal/Desktop/projects/ode_to_a_mixtape_api/spec/factories/stations.rb": {
        "lines": [
          null,
          null,
          1,
          1,
          75,
          75,
          75,
          null,
          null
        ]
      },
      "/Users/christopherneal/Desktop/projects/ode_to_a_mixtape_api/config/routes.rb": {
        "lines": [
          null,
          null,
          1,
          1,
          1,
          null,
          null,
          1,
          null,
          null,
          null,
          null,
          null,
          null,
          1,
          null,
          null,
          null,
          null
        ]
      },
      "/Users/christopherneal/Desktop/projects/ode_to_a_mixtape_api/app/helpers/day_of_week.rb": {
        "lines": [
          null,
          null,
          1,
          1,
          2,
          null,
          null,
          1,
          5,
          null,
          4,
          4,
          null,
          3,
          null,
          null
        ]
      },
      "/Users/christopherneal/Desktop/projects/ode_to_a_mixtape_api/spec/app/helpers/scrape_logger_spec.rb": {
        "lines": [
          null,
          null,
          1,
          null,
          1,
          5,
          3,
          3,
          null,
          5,
          null,
          1,
          1,
          1,
          1,
          2,
          null,
          null,
          null,
          1,
          1,
          1,
          2,
          null,
          null,
          null,
          1,
          1,
          1,
          null,
          null,
          1,
          1,
          1,
          null,
          1,
          1,
          1,
          null,
          1,
          null,
          null,
          null
        ]
      },
      "/Users/christopherneal/Desktop/projects/ode_to_a_mixtape_api/app/helpers/scrape_logger.rb": {
        "lines": [
          null,
          null,
          1,
          1,
          1804,
          1804,
          null,
          1804,
          1804,
          1803,
          1803,
          null,
          null,
          null
        ]
      },
      "/Users/christopherneal/Desktop/projects/ode_to_a_mixtape_api/spec/lib/tasks/scrape_broadcast_titles_spec.rb": {
        "lines": [
          null,
          null,
          1,
          1,
          null,
          1,
          1,
          1,
          4,
          null,
          null,
          null,
          null,
          null,
          null,
          5,
          null,
          1,
          4,
          null,
          null,
          null,
          1,
          2,
          null,
          null,
          1,
          1,
          null,
          null,
          1,
          1,
          null,
          2,
          null,
          null,
          null,
          1,
          1,
          null,
          1,
          1,
          null,
          null,
          1,
          1,
          null,
          1,
          1,
          null,
          1,
          1,
          1,
          null,
          null,
          2,
          null,
          null,
          1,
          1,
          null,
          null,
          null,
          null,
          null,
          null,
          null
        ]
      },
      "/Users/christopherneal/Desktop/projects/ode_to_a_mixtape_api/lib/tasks/scrape_broadcast_titles.rb": {
        "lines": [
          null,
          null,
          1,
          1,
          null,
          1,
          1,
          6,
          6,
          6,
          6,
          1542,
          1542,
          1542,
          1542,
          1542,
          1542,
          1542,
          null,
          0,
          null,
          null,
          null,
          null,
          1,
          null,
          1,
          6,
          6,
          null,
          6,
          null,
          6,
          1542,
          null,
          null,
          null,
          null,
          1,
          1548,
          null,
          null
        ]
      },
      "/Users/christopherneal/Desktop/projects/ode_to_a_mixtape_api/spec/lib/tasks/scrape_broadcasts_spec.rb": {
        "lines": [
          null,
          null,
          1,
          1,
          1,
          null,
          1,
          1,
          19,
          null,
          null,
          null,
          null,
          null,
          null,
          1,
          19,
          null,
          null,
          null,
          null,
          null,
          null,
          null,
          20,
          20,
          null,
          null,
          20,
          20,
          20,
          20,
          4,
          20,
          7,
          20,
          3,
          20,
          2,
          20,
          20,
          1,
          20,
          20,
          20,
          20,
          20,
          2,
          20,
          2,
          null,
          null,
          1,
          19,
          57,
          null,
          null,
          null,
          null,
          19,
          null,
          null,
          null,
          19,
          null,
          null,
          null,
          19,
          19,
          19,
          19,
          19,
          19,
          19,
          19,
          19,
          19,
          19,
          19,
          null,
          null,
          1,
          11,
          1,
          8,
          null,
          1,
          5,
          null,
          5,
          null,
          1,
          1,
          1,
          null,
          null,
          null,
          null,
          null,
          null,
          1,
          null,
          null,
          null,
          null,
          null,
          null,
          null,
          null,
          null,
          1,
          1,
          1,
          null,
          null,
          1,
          1,
          1,
          1,
          null,
          null,
          null,
          null,
          null,
          null,
          1,
          1,
          null,
          null,
          null,
          null,
          null,
          null,
          1,
          null,
          null,
          null,
          1,
          1,
          1,
          1,
          1,
          null,
          null,
          null,
          null,
          null,
          1,
          1,
          1,
          null,
          null,
          null,
          null,
          null,
          null,
          null,
          1,
          1,
          1,
          1,
          1,
          1,
          1,
          1,
          1,
          null,
          null,
          null,
          null,
          1,
          1,
          null,
          2,
          6,
          null,
          null,
          null,
          2,
          2,
          null,
          null,
          null,
          null,
          null,
          null,
          null,
          null,
          1,
          4,
          null,
          null,
          1,
          2,
          2,
          1,
          null,
          null,
          null,
          null,
          null,
          null,
          1,
          2,
          2,
          2,
          null,
          1,
          null,
          1,
          null,
          null,
          null,
          1,
          1,
          1,
          1,
          null,
          null,
          null,
          null,
          1,
          2,
          2,
          null,
          2,
          null,
          1,
          1,
          1,
          null,
          null,
          null,
          null,
          null,
          null,
          1,
          null,
          null,
          null,
          1,
          2,
          2,
          null,
          2,
          null,
          1,
          1,
          1,
          null,
          null,
          null,
          null,
          null,
          null,
          null,
          null,
          1,
          3,
          null,
          3,
          null,
          1,
          4,
          null,
          null,
          1,
          2,
          null,
          null,
          null,
          1,
          null,
          2,
          null,
          2,
          null,
          1,
          1,
          1,
          null,
          null,
          null,
          1,
          null,
          null,
          null,
          null,
          1,
          1,
          5,
          null,
          1,
          1,
          2,
          3,
          2,
          1,
          2,
          null,
          1,
          2,
          null,
          1,
          1,
          null,
          null,
          null,
          1,
          2,
          null,
          1,
          1,
          null,
          null,
          null,
          1,
          2,
          null,
          1,
          1,
          null,
          null,
          null,
          1,
          2,
          null,
          1,
          1,
          null,
          null,
          null,
          1,
          2,
          null,
          1,
          1,
          null,
          null,
          null,
          null,
          1,
          3,
          1,
          3,
          3,
          null,
          1,
          1,
          null,
          1,
          null,
          null,
          null,
          null,
          1,
          3,
          1,
          null,
          null,
          null,
          null,
          null
        ]
      },
      "/Users/christopherneal/Desktop/projects/ode_to_a_mixtape_api/lib/tasks/scrape_broadcasts.rb": {
        "lines": [
          null,
          null,
          1,
          1,
          1,
          1,
          null,
          null,
          null,
          null,
          null,
          null,
          null,
          null,
          1,
          1,
          null,
          null,
          null,
          null,
          1,
          21,
          21,
          21,
          21,
          null,
          null,
          1,
          14,
          null,
          null,
          null,
          null,
          1,
          14,
          14,
          14,
          14,
          null,
          14,
          null,
          14,
          18,
          18,
          null,
          18,
          null,
          null,
          18,
          null,
          null,
          18,
          136,
          null,
          136,
          8,
          8,
          128,
          96,
          96,
          null,
          null,
          32,
          32,
          32,
          null,
          32,
          null,
          null,
          32,
          32,
          null,
          32,
          32,
          32,
          null,
          null,
          32,
          null,
          null,
          null,
          18,
          null,
          4,
          null,
          14,
          14,
          14,
          null,
          null,
          1,
          null,
          21,
          18,
          3,
          0,
          3,
          0,
          null,
          3,
          null,
          null,
          0,
          0,
          null,
          null,
          1,
          null,
          null,
          66,
          66,
          null,
          null,
          null,
          null,
          null,
          1,
          19,
          19,
          null,
          19,
          31,
          null,
          31,
          31,
          null,
          31,
          null,
          31,
          null,
          31,
          31,
          null,
          31,
          null,
          17,
          14,
          null,
          null,
          14,
          null,
          null,
          12,
          12,
          null,
          null,
          null,
          null,
          null,
          null,
          0,
          null,
          null,
          19,
          null,
          null,
          1,
          0,
          0,
          0,
          null,
          null,
          0,
          null,
          null,
          1,
          59,
          590,
          null,
          null,
          null,
          1,
          726,
          null,
          null,
          1,
          14,
          null,
          null,
          null,
          13,
          13,
          null,
          13,
          13,
          null,
          13,
          13,
          null,
          null,
          13,
          13,
          null,
          null,
          13,
          0,
          null,
          null,
          null,
          0,
          null,
          null,
          13,
          13,
          null,
          null,
          1,
          14,
          null,
          null,
          14,
          0,
          null,
          14,
          null,
          null,
          null,
          14,
          14,
          14,
          null,
          0,
          null,
          null,
          null,
          1,
          0,
          0,
          null,
          0,
          null,
          0,
          0,
          null,
          0,
          0,
          null,
          0,
          null,
          null,
          1,
          0,
          null,
          0,
          null,
          null,
          1,
          14,
          14,
          null,
          null,
          1,
          65,
          0,
          0,
          null,
          null,
          null,
          65,
          null,
          null,
          0,
          0,
          null,
          null,
          null,
          null,
          null,
          null,
          null,
          null,
          null,
          null,
          null,
          null,
          null,
          null,
          null,
          null,
          null,
          null,
          null,
          1,
          32,
          null,
          null,
          1,
          14,
          null,
          null,
          1,
          32,
          32,
          901,
          901,
          901,
          null,
          null,
          901,
          901,
          null,
          0,
          0,
          null,
          null,
          0,
          null,
          null,
          null,
          901,
          null,
          null,
          null,
          null,
          null,
          null,
          null,
          null,
          null,
          null,
          1,
          32,
          32,
          null,
          32,
          null,
          32,
          null,
          null,
          null,
          null,
          null,
          null,
          null,
          32,
          32,
          32,
          null,
          null,
          1,
          14,
          140,
          null,
          0,
          null,
          null,
          null,
          1,
          null,
          null,
          null,
          14,
          14,
          14,
          14,
          null,
          0,
          null,
          null,
          null,
          1,
          14,
          14,
          null,
          14,
          14,
          14,
          14,
          14,
          null,
          14,
          14,
          null,
          null,
          1,
          14,
          null,
          14,
          14,
          null,
          112,
          14,
          14,
          14,
          null,
          14,
          null,
          null,
          null,
          null,
          null,
          null,
          null,
          14,
          null,
          14,
          14,
          null,
          null,
          1,
          14,
          14,
          14,
          null,
          14,
          null,
          null,
          1,
          14,
          84,
          null,
          null,
          null,
          1,
          14,
          null,
          null,
          1,
          244,
          null,
          null
        ]
      },
      "/Users/christopherneal/Desktop/projects/ode_to_a_mixtape_api/spec/models/album_spec.rb": {
        "lines": [
          null,
          null,
          1
        ]
      },
      "/Users/christopherneal/Desktop/projects/ode_to_a_mixtape_api/spec/models/albums_song_spec.rb": {
        "lines": [
          null,
          null,
          1
        ]
      },
      "/Users/christopherneal/Desktop/projects/ode_to_a_mixtape_api/spec/models/artist_spec.rb": {
        "lines": [
          null,
          null,
          1
        ]
      },
      "/Users/christopherneal/Desktop/projects/ode_to_a_mixtape_api/spec/models/broadcast_spec.rb": {
        "lines": [
          null,
          null,
          1,
          null,
          1,
          1,
          2,
          2,
          null,
          null,
          null,
          null,
          1,
          2,
          2,
          null,
          null,
          1,
          4,
          4,
          null,
          1,
          1,
          1,
          null,
          null,
          null,
          1,
          1,
          1,
          1,
          null,
          null,
          1,
          1,
          1,
          null,
          null,
          null,
          null,
          1,
          1,
          2,
          null,
          1,
          1,
          1,
          null,
          null,
          null,
          1,
          2,
          null,
          1,
          1,
          1,
          null,
          null,
          null,
          null,
          1,
          2,
          null,
          1,
          1,
          null,
          null,
          null,
          1,
          2,
          2,
          null,
          1,
          1,
          null,
          null,
          null,
          1,
          2,
          2,
          null,
          1,
          1,
          null,
          null,
          null
        ]
      },
      "/Users/christopherneal/Desktop/projects/ode_to_a_mixtape_api/app/models/broadcast.rb": {
        "lines": [
          null,
          null,
          1,
          1,
          null,
          1,
          1,
          1,
          null,
          1,
          null,
          1,
          null,
          1,
          null,
          1,
          null,
          null,
          1,
          1544,
          null,
          null,
          1021,
          1021,
          523,
          18,
          null,
          null,
          null,
          null,
          1,
          1,
          null,
          null,
          1,
          1,
          null,
          null,
          1,
          1,
          null,
          null,
          1,
          1,
          null,
          null,
          1,
          2,
          null,
          null
        ]
      },
      "/Users/christopherneal/Desktop/projects/ode_to_a_mixtape_api/app/models/application_record.rb": {
        "lines": [
          null,
          null,
          1,
          1,
          null
        ]
      },
      "/Users/christopherneal/Desktop/projects/ode_to_a_mixtape_api/app/models/concerns/normalizable.rb": {
        "lines": [
          null,
          null,
          1,
          1,
          null,
          1,
          null,
          null,
          null,
          null,
          null,
          1,
          null,
          null,
          null,
          null,
          null,
          null,
          null,
          null,
          null,
          null,
          null,
          null,
          null,
          null,
          null,
          null,
          null,
          null,
          null,
          null,
          null,
          null,
          null,
          null,
          null,
          null,
          null,
          null,
          null,
          null,
          null,
          1,
          10816,
          null,
          null,
          null,
          10811,
          null,
          null,
          null,
          null,
          null,
          null,
          null,
          null,
          null,
          null,
          null,
          null,
          10811,
          null,
          10809,
          null,
          null,
          1,
          1,
          7,
          7,
          7100,
          7100,
          null,
          7100,
          null,
          null,
          null,
          1,
          3683,
          3683,
          null,
          3683,
          3683,
          3683,
          3683,
          null,
          3683,
          0,
          null,
          null,
          3683,
          1842,
          null,
          null,
          1841,
          null,
          null,
          3683,
          3683,
          null,
          3683,
          null,
          null,
          null
        ]
      },
      "/Users/christopherneal/Desktop/projects/ode_to_a_mixtape_api/spec/models/concerns/fuzzy_finder_spec.rb": {
        "lines": [
          null,
          null,
          1,
          null,
          1,
          5,
          5,
          5,
          1,
          4,
          null,
          null,
          null,
          null,
          null,
          null,
          null,
          null,
          null,
          null,
          null,
          null,
          null,
          null,
          null,
          null,
          60,
          null,
          null,
          null,
          null,
          null,
          null,
          1,
          1,
          1,
          null,
          null,
          null,
          1,
          2,
          2,
          2,
          1,
          3,
          null,
          null,
          null,
          null,
          null,
          null,
          null,
          null,
          null,
          null,
          1,
          11,
          null,
          null,
          null,
          null,
          null,
          null,
          null,
          null,
          null,
          null,
          null,
          null,
          null,
          null,
          null,
          null,
          null,
          null,
          null,
          null,
          null,
          null,
          null,
          null,
          1,
          3,
          3,
          3,
          1,
          1,
          null,
          null,
          null,
          null,
          null,
          1,
          2,
          null,
          null,
          1,
          5,
          null,
          null,
          null,
          null,
          null,
          null,
          null,
          null,
          null,
          null,
          null,
          null,
          null
        ]
      },
      "/Users/christopherneal/Desktop/projects/ode_to_a_mixtape_api/spec/models/dj_spec.rb": {
        "lines": [
          null,
          null,
          1
        ]
      },
      "/Users/christopherneal/Desktop/projects/ode_to_a_mixtape_api/spec/models/genre_spec.rb": {
        "lines": [
          null,
          null,
          1
        ]
      },
      "/Users/christopherneal/Desktop/projects/ode_to_a_mixtape_api/spec/models/playlist_spec.rb": {
        "lines": [
          null,
          null,
          1,
          null,
          1,
          11,
          null,
          1,
          null,
          null,
          2,
          2,
          2,
          2,
          2,
          null,
          null,
          1,
          2,
          2,
          2,
          2,
          2,
          null,
          null,
          1,
          2,
          null,
          1,
          1,
          null,
          null,
          null,
          1,
          2,
          null,
          1,
          1,
          null,
          null,
          null,
          1,
          1,
          2,
          2,
          null,
          1,
          1,
          null,
          null,
          null,
          1,
          2,
          null,
          1,
          1,
          null,
          null,
          null,
          null,
          1,
          1,
          1,
          null,
          4,
          null,
          null,
          null,
          null,
          null,
          null,
          null,
          null,
          null,
          null,
          null,
          null,
          null,
          null,
          null,
          null,
          null,
          null,
          null,
          null,
          null,
          null,
          5,
          1,
          4,
          null,
          null,
          null,
          null,
          null,
          null,
          1,
          2,
          null,
          null,
          1,
          2,
          null,
          null,
          null,
          1,
          1,
          null,
          null,
          1,
          1,
          1,
          null,
          null,
          1,
          1,
          4,
          1,
          1,
          null,
          null,
          null,
          1,
          1,
          null,
          5,
          null,
          null,
          null,
          null,
          null,
          null,
          null,
          null,
          6,
          1,
          5,
          null,
          null,
          null,
          null,
          null,
          null,
          1,
          2,
          null,
          null,
          1,
          2,
          null,
          null,
          null,
          null,
          null,
          1,
          1,
          1,
          1,
          1,
          1,
          null,
          null,
          1,
          1,
          1,
          1,
          1,
          null,
          null,
          1,
          1,
          1,
          1,
          1,
          null,
          null,
          null,
          1,
          1,
          null,
          4,
          null,
          null,
          null,
          null,
          null,
          null,
          null,
          null,
          5,
          1,
          4,
          null,
          null,
          null,
          null,
          null,
          null,
          1,
          2,
          null,
          null,
          1,
          2,
          null,
          null,
          null,
          1,
          null,
          null,
          1,
          1,
          1,
          null,
          null,
          1,
          1,
          1,
          1,
          null,
          1,
          1,
          null,
          null,
          null,
          1,
          1,
          null,
          2,
          null,
          null,
          null,
          null,
          null,
          null,
          null,
          null,
          null,
          null,
          null,
          null,
          null,
          null,
          null,
          null,
          null,
          null,
          null,
          null,
          null,
          null,
          3,
          1,
          2,
          null,
          null,
          null,
          null,
          null,
          null,
          1,
          2,
          null,
          null,
          1,
          2,
          1,
          1,
          null,
          null,
          null,
          null
        ]
      },
      "/Users/christopherneal/Desktop/projects/ode_to_a_mixtape_api/app/models/playlist.rb": {
        "lines": [
          null,
          null,
          1,
          1,
          null,
          1,
          1,
          1,
          1,
          1,
          1,
          null,
          1,
          null,
          1,
          null,
          1,
          1,
          1,
          null,
          1,
          1,
          null,
          null,
          1,
          1,
          null,
          null,
          null,
          1,
          2,
          null,
          null,
          null,
          1,
          0,
          null,
          null,
          1,
          0,
          null,
          null,
          1,
          0,
          null,
          null,
          1,
          0,
          0,
          null,
          0,
          null,
          null,
          null,
          null,
          1,
          0,
          0,
          0,
          0,
          null,
          null,
          1,
          0,
          0,
          0,
          0,
          null,
          0,
          0,
          0,
          0,
          0,
          0,
          0,
          null,
          0,
          0,
          0,
          null,
          null,
          0,
          null,
          null,
          1,
          47,
          3,
          3,
          null,
          null,
          44,
          928,
          928,
          928,
          928,
          928,
          5,
          null,
          null,
          null,
          5,
          null,
          null,
          null,
          null,
          923,
          null,
          923,
          918,
          null,
          null,
          923,
          923,
          null,
          null,
          null,
          null,
          923,
          null,
          923,
          null,
          919,
          null,
          null,
          null,
          null,
          919,
          null,
          919,
          null,
          0,
          0,
          0,
          null,
          null,
          null,
          null,
          1,
          923,
          null,
          null,
          null,
          null,
          null,
          null,
          null
        ]
      },
      "/Users/christopherneal/Desktop/projects/ode_to_a_mixtape_api/spec/models/playlists_song_spec.rb": {
        "lines": [
          null,
          null,
          1
        ]
      },
      "/Users/christopherneal/Desktop/projects/ode_to_a_mixtape_api/spec/models/record_label_spec.rb": {
        "lines": [
          null,
          null,
          1
        ]
      },
      "/Users/christopherneal/Desktop/projects/ode_to_a_mixtape_api/spec/models/song_spec.rb": {
        "lines": [
          null,
          null,
          1
        ]
      },
      "/Users/christopherneal/Desktop/projects/ode_to_a_mixtape_api/spec/models/station_spec.rb": {
        "lines": [
          null,
          null,
          1
        ]
      },
      "/Users/christopherneal/Desktop/projects/ode_to_a_mixtape_api/spec/requests/api/v1/playlists_spec.rb": {
        "lines": [
          null,
          null,
          1
        ]
      },
      "/Users/christopherneal/Desktop/projects/ode_to_a_mixtape_api/spec/tasks/merge_duplicate_records_spec.rb": {
        "lines": [
          null,
          null,
          1,
          1,
          null,
          1,
          8,
          1,
          6,
          null,
          null,
          8,
          8,
          7,
          1,
          7,
          null,
          null,
          null,
          null,
          null,
          null,
          null,
          null,
          1,
          7,
          null,
          null,
          null,
          null,
          null,
          null,
          35,
          35,
          35,
          35,
          35,
          null,
          null,
          35,
          35,
          null,
          null,
          null,
          8,
          null,
          6,
          null,
          1,
          7,
          0,
          null,
          null,
          null,
          1,
          2,
          2,
          null,
          1,
          1,
          1,
          1,
          1,
          1,
          1,
          null,
          2,
          null,
          1,
          1,
          null,
          null,
          1,
          4,
          null,
          null,
          null,
          1,
          null,
          null,
          null,
          1,
          1,
          1,
          1,
          null,
          null,
          null,
          1,
          1,
          2,
          null,
          null,
          null,
          null,
          null,
          1,
          1,
          2,
          1,
          null,
          null,
          1,
          1,
          1,
          1,
          1,
          null,
          null,
          1,
          1,
          1,
          null,
          null,
          null,
          null,
          null,
          1,
          1,
          1,
          5,
          null,
          4,
          null,
          null,
          null,
          null,
          null,
          1,
          1,
          1,
          1,
          1,
          null,
          null,
          null
        ]
      },
      "/Users/christopherneal/Desktop/projects/ode_to_a_mixtape_api/lib/tasks/merge_duplicate_records.rb": {
        "lines": [
          null,
          null,
          null,
          null,
          null,
          null,
          null,
          null,
          null,
          null,
          null,
          null,
          null,
          null,
          null,
          null,
          null,
          null,
          null,
          null,
          null,
          null,
          1,
          1,
          null,
          null,
          1,
          null,
          null,
          null,
          1,
          7,
          7,
          7,
          7,
          null,
          7,
          null,
          null,
          1,
          6,
          6,
          1,
          null,
          null,
          5,
          5,
          null,
          5,
          null,
          null,
          5,
          5,
          null,
          null,
          null,
          1,
          null,
          82,
          null,
          null,
          1,
          20,
          40,
          40,
          null,
          40,
          82,
          null,
          null,
          null,
          null,
          1,
          17,
          32,
          32,
          32,
          null,
          null,
          17,
          null,
          null,
          1,
          5,
          5,
          0,
          0,
          null,
          0,
          null,
          5,
          null,
          null,
          null,
          1,
          36,
          6,
          36,
          null,
          null,
          1,
          5,
          5,
          5,
          null,
          30,
          5,
          5,
          0,
          0,
          0,
          0,
          0,
          null,
          0,
          0,
          0,
          null,
          null,
          5,
          5,
          25,
          null,
          20,
          20,
          null,
          null,
          5,
          5,
          5,
          null,
          null,
          null
        ]
      },
      "/Users/christopherneal/Desktop/projects/ode_to_a_mixtape_api/app/models/station.rb": {
        "lines": [
          null,
          null,
          1,
          1,
          null,
          1,
          1,
          1,
          null,
          1,
          1,
          1,
          null
        ]
      },
      "/Users/christopherneal/Desktop/projects/ode_to_a_mixtape_api/app/models/dj.rb": {
        "lines": [
          null,
          null,
          1,
          1,
          1,
          null
        ]
      },
      "/Users/christopherneal/Desktop/projects/ode_to_a_mixtape_api/app/models/djs_station.rb": {
        "lines": [
          null,
          null,
          1,
          1,
          1,
          null
        ]
      },
      "/Users/christopherneal/Desktop/projects/ode_to_a_mixtape_api/app/models/playlist_import.rb": {
        "lines": [
          null,
          null,
          1,
          1,
          null
        ]
      },
      "/Users/christopherneal/Desktop/projects/ode_to_a_mixtape_api/app/models/record_label.rb": {
        "lines": [
          null,
          null,
          1,
          1,
          null,
          1,
          null,
          1,
          null,
          1,
          1,
          null
        ]
      },
      "/Users/christopherneal/Desktop/projects/ode_to_a_mixtape_api/app/models/concerns/name_formatter.rb": {
        "lines": [
          null,
          null,
          null,
          null,
          null,
          1,
          1,
          null,
          1,
          3694,
          3694,
          null,
          11115,
          null,
          3694,
          null,
          3750,
          3750,
          75000,
          3750,
          null,
          null,
          null,
          null,
          1,
          7421,
          7421,
          17625,
          null,
          null,
          null,
          null,
          null,
          1,
          51034,
          null,
          null,
          null,
          null,
          null,
          null,
          null,
          null,
          null,
          null,
          null,
          null,
          null,
          null,
          null,
          null,
          null,
          null,
          null,
          null
        ]
      },
      "/Users/christopherneal/Desktop/projects/ode_to_a_mixtape_api/app/models/artist.rb": {
        "lines": [
          null,
          null,
          1,
          null,
          1,
          1,
          null,
          1,
          1,
          1,
          null,
          1,
          1,
          null
        ]
      },
      "/Users/christopherneal/Desktop/projects/ode_to_a_mixtape_api/app/models/song.rb": {
        "lines": [
          null,
          null,
          1,
          1,
          null,
          1,
          1,
          1,
          1,
          1,
          1,
          null,
          1,
          null,
          1,
          1,
          null,
          1,
          0,
          0,
          null,
          0,
          null,
          null,
          null,
          1,
          0,
          null,
          null
        ]
      },
      "/Users/christopherneal/Desktop/projects/ode_to_a_mixtape_api/app/models/playlists_song.rb": {
        "lines": [
          null,
          null,
          1,
          1,
          1,
          null
        ]
      },
      "/Users/christopherneal/Desktop/projects/ode_to_a_mixtape_api/app/models/album.rb": {
        "lines": [
          null,
          null,
          1,
          1,
          null,
          1,
          1,
          1,
          1,
          1,
          null,
          1,
          null,
          1,
          1,
          null
        ]
      },
      "/Users/christopherneal/Desktop/projects/ode_to_a_mixtape_api/app/models/albums_song.rb": {
        "lines": [
          null,
          null,
          1,
          1,
          1,
          null
        ]
      },
      "/Users/christopherneal/Desktop/projects/ode_to_a_mixtape_api/app/models/concerns/fuzzy_finder.rb": {
        "lines": [
          null,
          null,
          1,
          1,
          19,
          null,
          19,
          null,
          null,
          null,
          null,
          null,
          null,
          null,
          1,
          9,
          null,
          3,
          3,
          3,
          18,
          18,
          18,
          18,
          2,
          2,
          null,
          16,
          null,
          null,
          null,
          null,
          1,
          9,
          3,
          null,
          3,
          18,
          18,
          null,
          null,
          1,
          19,
          null,
          null,
          1,
          25,
          null,
          null,
          1,
          2,
          null,
          null,
          null,
          null,
          null
        ]
      },
      "/Users/christopherneal/Desktop/projects/ode_to_a_mixtape_api/app/models/genre.rb": {
        "lines": [
          null,
          null,
          1,
          1,
          null,
          1,
          1,
          null,
          1,
          null,
          1,
          1,
          null
        ]
      }
    },
    "timestamp": 1742691440
  }
}
